<?xml version="1.0" encoding="UTF-8"?>
<testng-results ignored="0" total="1" passed="1" failed="0" skipped="0">
  <reporter-output>
    <line>
      <![CDATA[raju]]>
    </line>
    <line>
      <![CDATA[file uploaded successfully]]>
    </line>
    <line>
      <![CDATA[actual name is: raju]]>
    </line>
    <line>
      <![CDATA[client name is mathching]]>
    </line>
  </reporter-output>
  <suite started-at="2023-01-27T18:58:26 IST" name="Default suite" finished-at="2023-01-27T18:58:50 IST" duration-ms="23883">
    <groups>
    </groups>
    <test started-at="2023-01-27T18:58:26 IST" name="Default test" finished-at="2023-01-27T18:58:50 IST" duration-ms="23883">
      <class name="LifeInsurance.TC_19">
        <test-method signature="name()[pri:0, instance:LifeInsurance.TC_19@1534f01b]" started-at="2023-01-27T18:58:26 IST" name="name" finished-at="2023-01-27T18:58:50 IST" duration-ms="23833" status="PASS">
          <reporter-output>
            <line>
              <![CDATA[raju]]>
            </line>
            <line>
              <![CDATA[file uploaded successfully]]>
            </line>
            <line>
              <![CDATA[actual name is: raju]]>
            </line>
            <line>
              <![CDATA[client name is mathching]]>
            </line>
          </reporter-output>
        </test-method> <!-- name -->
      </class> <!-- LifeInsurance.TC_19 -->
    </test> <!-- Default test -->
  </suite> <!-- Default suite -->
</testng-results>
